This task is : 4
Number of unique patients:  3861
Number of missing values in MRN:  517
Number of missing values in PatientID:  0
[0] > [33;01m/home/maror24/ImageAnon/dicom_anon_meta.py[00m([36;01m67[00m)<module>()
-> combined_meta.to_csv('/labs/collab/Imaging/Imaging-PHI/Emory_Images/Meta/Combined_Meta_' + year + '_MRN.csv', index = False)
(Pdb++) 
This task is : 4
Number of unique patients:  3861
Number of missing values in MRN:  517
Number of missing values in PatientID:  0
Updated meta data saved to:  /labs/collab/Imaging/Imaging-PHI/Emory_Images/Meta/Combined_Meta_2019_MRN.csv
This task is : 4
This task is : 4
Number of unique patients:  3605
Number of missing values in MRN:  2623
Number of missing values in PatientID:  0
Updated meta data saved to:  /labs/collab/Imaging/Imaging-PHI/Emory_Images/Meta/Combined_Meta_2018_MRN.csv
This task is : 4
This task is : 4
Number of unique patients:  3605
Number of missing values in MRN:  2623
Number of missing values in PatientID:  0
Updated meta data saved to:  /labs/collab/Imaging/Imaging-PHI/Emory_Images/Meta/Combined_Meta_2018_MRN.csv
