DeprecationWarning: 'source deactivate' is deprecated. Use 'conda deactivate'.
Traceback (most recent call last):
  File "/home/maror24/ImageAnon/DataDeidentification/ImageDeidentification/slurmjobs/../Niffler/modules/png-extraction/ImageMetaExtractor.py", line 122, in <module>
    with open('config.json', 'r') as f:
FileNotFoundError: [Errno 2] No such file or directory: 'config.json'
DeprecationWarning: 'source deactivate' is deprecated. Use 'conda deactivate'.
Traceback (most recent call last):
  File "/home/maror24/ImageAnon/DataDeidentification/ImageDeidentification/slurmjobs/../Niffler/modules/png-extraction/ImageMetaExtractor.py", line 124, in <module>
    with open('config.json', 'r') as f:
FileNotFoundError: [Errno 2] No such file or directory: 'config.json'
DeprecationWarning: 'source deactivate' is deprecated. Use 'conda deactivate'.
/home/maror24/.local/lib/python3.10/site-packages/pydicom/valuerep.py:440: UserWarning: Invalid value for VR UI: '1.2.840.113619.2.94.1362214821618.0339090163190.8025.7000329'. Please see <https://dicom.nema.org/medical/dicom/current/output/html/part05.html#table_6.2-1> for allowed values for each VR.
  warn_and_log(msg)
/home/maror24/.local/lib/python3.10/site-packages/pydicom/valuerep.py:440: UserWarning: Invalid value for VR UI: '1.2.840.113619.2.94.1362214821618.0339090163190.8025.7000329'. Please see <https://dicom.nema.org/medical/dicom/current/output/html/part05.html#table_6.2-1> for allowed values for each VR.
  warn_and_log(msg)
/home/maror24/.local/lib/python3.10/site-packages/pydicom/valuerep.py:440: UserWarning: Invalid value for VR UI: '1.2.840.113619.2.94.1362214821618.0339090163190.8025.7000329'. Please see <https://dicom.nema.org/medical/dicom/current/output/html/part05.html#table_6.2-1> for allowed values for each VR.
  warn_and_log(msg)
/home/maror24/.local/lib/python3.10/site-packages/pydicom/valuerep.py:440: UserWarning: Invalid value for VR UI: '1.2.840.113619.2.94.1362214821618.0339090163190.8025.7000329'. Please see <https://dicom.nema.org/medical/dicom/current/output/html/part05.html#table_6.2-1> for allowed values for each VR.
  warn_and_log(msg)
/home/maror24/.local/lib/python3.10/site-packages/pydicom/valuerep.py:440: UserWarning: Invalid value for VR IS: '10.9'. Please see <https://dicom.nema.org/medical/dicom/current/output/html/part05.html#table_6.2-1> for allowed values for each VR.
  warn_and_log(msg)
/home/maror24/.local/lib/python3.10/site-packages/pydicom/valuerep.py:1333: UserWarning: Value "10.9" is not valid for elements with a VR of IS
  warn_and_log(msg)
/home/maror24/.local/lib/python3.10/site-packages/pydicom/valuerep.py:440: UserWarning: Invalid value for VR IS: '10.7'. Please see <https://dicom.nema.org/medical/dicom/current/output/html/part05.html#table_6.2-1> for allowed values for each VR.
  warn_and_log(msg)
/home/maror24/.local/lib/python3.10/site-packages/pydicom/valuerep.py:1333: UserWarning: Value "10.7" is not valid for elements with a VR of IS
  warn_and_log(msg)
/home/maror24/.local/lib/python3.10/site-packages/pydicom/valuerep.py:440: UserWarning: Invalid value for VR IS: '16.3'. Please see <https://dicom.nema.org/medical/dicom/current/output/html/part05.html#table_6.2-1> for allowed values for each VR.
  warn_and_log(msg)
/home/maror24/.local/lib/python3.10/site-packages/pydicom/valuerep.py:1333: UserWarning: Value "16.3" is not valid for elements with a VR of IS
  warn_and_log(msg)
/home/maror24/.local/lib/python3.10/site-packages/pydicom/valuerep.py:440: UserWarning: Invalid value for VR IS: '34.1'. Please see <https://dicom.nema.org/medical/dicom/current/output/html/part05.html#table_6.2-1> for allowed values for each VR.
  warn_and_log(msg)
/home/maror24/.local/lib/python3.10/site-packages/pydicom/valuerep.py:440: UserWarning: Invalid value for VR IS: '20.8'. Please see <https://dicom.nema.org/medical/dicom/current/output/html/part05.html#table_6.2-1> for allowed values for each VR.
  warn_and_log(msg)
/home/maror24/.local/lib/python3.10/site-packages/pydicom/valuerep.py:440: UserWarning: Invalid value for VR IS: '10.5'. Please see <https://dicom.nema.org/medical/dicom/current/output/html/part05.html#table_6.2-1> for allowed values for each VR.
  warn_and_log(msg)
/home/maror24/.local/lib/python3.10/site-packages/pydicom/valuerep.py:1333: UserWarning: Value "34.1" is not valid for elements with a VR of IS
  warn_and_log(msg)
/home/maror24/.local/lib/python3.10/site-packages/pydicom/valuerep.py:1333: UserWarning: Value "20.8" is not valid for elements with a VR of IS
  warn_and_log(msg)
/home/maror24/.local/lib/python3.10/site-packages/pydicom/valuerep.py:1333: UserWarning: Value "10.5" is not valid for elements with a VR of IS
  warn_and_log(msg)
/home/maror24/.local/lib/python3.10/site-packages/pydicom/valuerep.py:440: UserWarning: Invalid value for VR IS: '30.8'. Please see <https://dicom.nema.org/medical/dicom/current/output/html/part05.html#table_6.2-1> for allowed values for each VR.
  warn_and_log(msg)
/home/maror24/.local/lib/python3.10/site-packages/pydicom/valuerep.py:1333: UserWarning: Value "30.8" is not valid for elements with a VR of IS
  warn_and_log(msg)
/home/maror24/.local/lib/python3.10/site-packages/pydicom/valuerep.py:440: UserWarning: Invalid value for VR IS: '15.6'. Please see <https://dicom.nema.org/medical/dicom/current/output/html/part05.html#table_6.2-1> for allowed values for each VR.
  warn_and_log(msg)
/home/maror24/.local/lib/python3.10/site-packages/pydicom/valuerep.py:440: UserWarning: Invalid value for VR IS: '20.7'. Please see <https://dicom.nema.org/medical/dicom/current/output/html/part05.html#table_6.2-1> for allowed values for each VR.
  warn_and_log(msg)
/home/maror24/.local/lib/python3.10/site-packages/pydicom/valuerep.py:1333: UserWarning: Value "20.7" is not valid for elements with a VR of IS
  warn_and_log(msg)
/home/maror24/.local/lib/python3.10/site-packages/pydicom/valuerep.py:1333: UserWarning: Value "15.6" is not valid for elements with a VR of IS
  warn_and_log(msg)
/home/maror24/.local/lib/python3.10/site-packages/pydicom/valuerep.py:440: UserWarning: Invalid value for VR IS: '13.0'. Please see <https://dicom.nema.org/medical/dicom/current/output/html/part05.html#table_6.2-1> for allowed values for each VR.
  warn_and_log(msg)
/home/maror24/.local/lib/python3.10/site-packages/pydicom/valuerep.py:440: UserWarning: Invalid value for VR IS: '13.2'. Please see <https://dicom.nema.org/medical/dicom/current/output/html/part05.html#table_6.2-1> for allowed values for each VR.
  warn_and_log(msg)
/home/maror24/.local/lib/python3.10/site-packages/pydicom/valuerep.py:1333: UserWarning: Value "13.2" is not valid for elements with a VR of IS
  warn_and_log(msg)
/home/maror24/.local/lib/python3.10/site-packages/pydicom/valuerep.py:440: UserWarning: Invalid value for VR IS: '7.8'. Please see <https://dicom.nema.org/medical/dicom/current/output/html/part05.html#table_6.2-1> for allowed values for each VR.
  warn_and_log(msg)
/home/maror24/.local/lib/python3.10/site-packages/pydicom/valuerep.py:1333: UserWarning: Value "7.8" is not valid for elements with a VR of IS
  warn_and_log(msg)
/home/maror24/.local/lib/python3.10/site-packages/pydicom/valuerep.py:440: UserWarning: Invalid value for VR IS: '12.1'. Please see <https://dicom.nema.org/medical/dicom/current/output/html/part05.html#table_6.2-1> for allowed values for each VR.
  warn_and_log(msg)
/home/maror24/.local/lib/python3.10/site-packages/pydicom/valuerep.py:1333: UserWarning: Value "12.1" is not valid for elements with a VR of IS
  warn_and_log(msg)
/home/maror24/.local/lib/python3.10/site-packages/pydicom/valuerep.py:440: UserWarning: Invalid value for VR IS: '10.4'. Please see <https://dicom.nema.org/medical/dicom/current/output/html/part05.html#table_6.2-1> for allowed values for each VR.
  warn_and_log(msg)
/home/maror24/.local/lib/python3.10/site-packages/pydicom/valuerep.py:1333: UserWarning: Value "10.4" is not valid for elements with a VR of IS
  warn_and_log(msg)
/home/maror24/.local/lib/python3.10/site-packages/pydicom/valuerep.py:440: UserWarning: Invalid value for VR IS: '8.2'. Please see <https://dicom.nema.org/medical/dicom/current/output/html/part05.html#table_6.2-1> for allowed values for each VR.
  warn_and_log(msg)
/home/maror24/.local/lib/python3.10/site-packages/pydicom/valuerep.py:440: UserWarning: Invalid value for VR IS: '16.1'. Please see <https://dicom.nema.org/medical/dicom/current/output/html/part05.html#table_6.2-1> for allowed values for each VR.
  warn_and_log(msg)
/home/maror24/.local/lib/python3.10/site-packages/pydicom/valuerep.py:1333: UserWarning: Value "8.2" is not valid for elements with a VR of IS
  warn_and_log(msg)
/home/maror24/.local/lib/python3.10/site-packages/pydicom/valuerep.py:1333: UserWarning: Value "16.1" is not valid for elements with a VR of IS
  warn_and_log(msg)
/home/maror24/.local/lib/python3.10/site-packages/pydicom/valuerep.py:440: UserWarning: Invalid value for VR IS: '7.9'. Please see <https://dicom.nema.org/medical/dicom/current/output/html/part05.html#table_6.2-1> for allowed values for each VR.
  warn_and_log(msg)
/home/maror24/.local/lib/python3.10/site-packages/pydicom/valuerep.py:1333: UserWarning: Value "7.9" is not valid for elements with a VR of IS
  warn_and_log(msg)
/home/maror24/.local/lib/python3.10/site-packages/pydicom/valuerep.py:440: UserWarning: Invalid value for VR IS: '8.9'. Please see <https://dicom.nema.org/medical/dicom/current/output/html/part05.html#table_6.2-1> for allowed values for each VR.
  warn_and_log(msg)
/home/maror24/.local/lib/python3.10/site-packages/pydicom/valuerep.py:1333: UserWarning: Value "8.9" is not valid for elements with a VR of IS
  warn_and_log(msg)
/home/maror24/.local/lib/python3.10/site-packages/pydicom/valuerep.py:440: UserWarning: Invalid value for VR IS: '12.0'. Please see <https://dicom.nema.org/medical/dicom/current/output/html/part05.html#table_6.2-1> for allowed values for each VR.
  warn_and_log(msg)
/home/maror24/.local/lib/python3.10/site-packages/pydicom/valuerep.py:440: UserWarning: Invalid value for VR IS: '8.5'. Please see <https://dicom.nema.org/medical/dicom/current/output/html/part05.html#table_6.2-1> for allowed values for each VR.
  warn_and_log(msg)
/home/maror24/.local/lib/python3.10/site-packages/pydicom/valuerep.py:1333: UserWarning: Value "8.5" is not valid for elements with a VR of IS
  warn_and_log(msg)
/home/maror24/.local/lib/python3.10/site-packages/pydicom/valuerep.py:440: UserWarning: Invalid value for VR IS: '19.0'. Please see <https://dicom.nema.org/medical/dicom/current/output/html/part05.html#table_6.2-1> for allowed values for each VR.
  warn_and_log(msg)
/home/maror24/.local/lib/python3.10/site-packages/pydicom/valuerep.py:440: UserWarning: Invalid value for VR IS: '9.4'. Please see <https://dicom.nema.org/medical/dicom/current/output/html/part05.html#table_6.2-1> for allowed values for each VR.
  warn_and_log(msg)
/home/maror24/.local/lib/python3.10/site-packages/pydicom/valuerep.py:1333: UserWarning: Value "9.4" is not valid for elements with a VR of IS
  warn_and_log(msg)
/home/maror24/.local/lib/python3.10/site-packages/pydicom/valuerep.py:440: UserWarning: Invalid value for VR IS: '15.5'. Please see <https://dicom.nema.org/medical/dicom/current/output/html/part05.html#table_6.2-1> for allowed values for each VR.
  warn_and_log(msg)
/home/maror24/.local/lib/python3.10/site-packages/pydicom/valuerep.py:1333: UserWarning: Value "15.5" is not valid for elements with a VR of IS
  warn_and_log(msg)
/home/maror24/.local/lib/python3.10/site-packages/pydicom/valuerep.py:440: UserWarning: Invalid value for VR IS: '15.0'. Please see <https://dicom.nema.org/medical/dicom/current/output/html/part05.html#table_6.2-1> for allowed values for each VR.
  warn_and_log(msg)
/home/maror24/.local/lib/python3.10/site-packages/pydicom/valuerep.py:440: UserWarning: Invalid value for VR IS: '9.2'. Please see <https://dicom.nema.org/medical/dicom/current/output/html/part05.html#table_6.2-1> for allowed values for each VR.
  warn_and_log(msg)
/home/maror24/.local/lib/python3.10/site-packages/pydicom/valuerep.py:1333: UserWarning: Value "9.2" is not valid for elements with a VR of IS
  warn_and_log(msg)
/home/maror24/.local/lib/python3.10/site-packages/pydicom/valuerep.py:440: UserWarning: Invalid value for VR IS: '11.5'. Please see <https://dicom.nema.org/medical/dicom/current/output/html/part05.html#table_6.2-1> for allowed values for each VR.
  warn_and_log(msg)
/home/maror24/.local/lib/python3.10/site-packages/pydicom/valuerep.py:1333: UserWarning: Value "11.5" is not valid for elements with a VR of IS
  warn_and_log(msg)
/home/maror24/.local/lib/python3.10/site-packages/pydicom/valuerep.py:440: UserWarning: Invalid value for VR IS: '16.2'. Please see <https://dicom.nema.org/medical/dicom/current/output/html/part05.html#table_6.2-1> for allowed values for each VR.
  warn_and_log(msg)
/home/maror24/.local/lib/python3.10/site-packages/pydicom/valuerep.py:1333: UserWarning: Value "16.2" is not valid for elements with a VR of IS
  warn_and_log(msg)
/home/maror24/.local/lib/python3.10/site-packages/pydicom/valuerep.py:440: UserWarning: Invalid value for VR IS: '7.9'. Please see <https://dicom.nema.org/medical/dicom/current/output/html/part05.html#table_6.2-1> for allowed values for each VR.
  warn_and_log(msg)
/home/maror24/.local/lib/python3.10/site-packages/pydicom/valuerep.py:1333: UserWarning: Value "7.9" is not valid for elements with a VR of IS
  warn_and_log(msg)
/home/maror24/.local/lib/python3.10/site-packages/pydicom/valuerep.py:440: UserWarning: Invalid value for VR IS: '7.7'. Please see <https://dicom.nema.org/medical/dicom/current/output/html/part05.html#table_6.2-1> for allowed values for each VR.
  warn_and_log(msg)
/home/maror24/.local/lib/python3.10/site-packages/pydicom/valuerep.py:1333: UserWarning: Value "7.7" is not valid for elements with a VR of IS
  warn_and_log(msg)
/home/maror24/.local/lib/python3.10/site-packages/pydicom/valuerep.py:440: UserWarning: Invalid value for VR IS: '4.4'. Please see <https://dicom.nema.org/medical/dicom/current/output/html/part05.html#table_6.2-1> for allowed values for each VR.
  warn_and_log(msg)
/home/maror24/.local/lib/python3.10/site-packages/pydicom/valuerep.py:1333: UserWarning: Value "4.4" is not valid for elements with a VR of IS
  warn_and_log(msg)
/home/maror24/.local/lib/python3.10/site-packages/pydicom/valuerep.py:440: UserWarning: Invalid value for VR IS: '4.5'. Please see <https://dicom.nema.org/medical/dicom/current/output/html/part05.html#table_6.2-1> for allowed values for each VR.
  warn_and_log(msg)
/home/maror24/.local/lib/python3.10/site-packages/pydicom/valuerep.py:1333: UserWarning: Value "4.5" is not valid for elements with a VR of IS
  warn_and_log(msg)
/home/maror24/.local/lib/python3.10/site-packages/pydicom/valuerep.py:440: UserWarning: Invalid value for VR IS: '11.7'. Please see <https://dicom.nema.org/medical/dicom/current/output/html/part05.html#table_6.2-1> for allowed values for each VR.
  warn_and_log(msg)
/home/maror24/.local/lib/python3.10/site-packages/pydicom/valuerep.py:1333: UserWarning: Value "11.7" is not valid for elements with a VR of IS
  warn_and_log(msg)
/home/maror24/.local/lib/python3.10/site-packages/pydicom/valuerep.py:440: UserWarning: Invalid value for VR IS: '7.8'. Please see <https://dicom.nema.org/medical/dicom/current/output/html/part05.html#table_6.2-1> for allowed values for each VR.
  warn_and_log(msg)
/home/maror24/.local/lib/python3.10/site-packages/pydicom/valuerep.py:1333: UserWarning: Value "7.8" is not valid for elements with a VR of IS
  warn_and_log(msg)
/home/maror24/.local/lib/python3.10/site-packages/pydicom/valuerep.py:440: UserWarning: Invalid value for VR IS: '3.9'. Please see <https://dicom.nema.org/medical/dicom/current/output/html/part05.html#table_6.2-1> for allowed values for each VR.
  warn_and_log(msg)
/home/maror24/.local/lib/python3.10/site-packages/pydicom/valuerep.py:1333: UserWarning: Value "3.9" is not valid for elements with a VR of IS
  warn_and_log(msg)
/home/maror24/.local/lib/python3.10/site-packages/pydicom/valuerep.py:440: UserWarning: Invalid value for VR IS: '2.6'. Please see <https://dicom.nema.org/medical/dicom/current/output/html/part05.html#table_6.2-1> for allowed values for each VR.
  warn_and_log(msg)
/home/maror24/.local/lib/python3.10/site-packages/pydicom/valuerep.py:1333: UserWarning: Value "2.6" is not valid for elements with a VR of IS
  warn_and_log(msg)
