DeprecationWarning: 'source deactivate' is deprecated. Use 'conda deactivate'.
Traceback (most recent call last):
  File "/home/maror24/ImageAnon/dicom_anon_meta.py", line 22, in <module>
    combined_meta = pd.read_pickle(path_to_combined_meta)
  File "/labs/kamaleswaranlab/anaconda3/rapids/lib/python3.10/site-packages/pandas/io/pickle.py", line 190, in read_pickle
    with get_handle(
  File "/labs/kamaleswaranlab/anaconda3/rapids/lib/python3.10/site-packages/pandas/io/common.py", line 865, in get_handle
    handle = open(handle, ioargs.mode)
FileNotFoundError: [Errno 2] No such file or directory: '/labs/collab/Imaging/Imaging-PHI/Emory_Images/Meta/Combined_Meta_2022.pkl'
DeprecationWarning: 'source deactivate' is deprecated. Use 'conda deactivate'.
Traceback (most recent call last):
  File "/home/maror24/ImageAnon/dicom_anon_meta.py", line 22, in <module>
    combined_meta = pd.read_pickle(path_to_combined_meta)
  File "/labs/kamaleswaranlab/anaconda3/rapids/lib/python3.10/site-packages/pandas/io/pickle.py", line 190, in read_pickle
    with get_handle(
  File "/labs/kamaleswaranlab/anaconda3/rapids/lib/python3.10/site-packages/pandas/io/common.py", line 865, in get_handle
    handle = open(handle, ioargs.mode)
FileNotFoundError: [Errno 2] No such file or directory: '/labs/collab/Imaging/Imaging-PHI/Emory_Images/Meta/Combined_Meta_2022.pkl'
DeprecationWarning: 'source deactivate' is deprecated. Use 'conda deactivate'.
/home/maror24/ImageAnon/dicom_anon_meta.py:49: DtypeWarning: Columns (0,1) have mixed types. Specify dtype option on import or set low_memory=False.
  mastertable = pd.read_csv(path_to_mastertable, usecols=  columns_to_read)
slurmstepd: error: *** JOB 515778 ON hugenode7 CANCELLED AT 2024-09-06T09:29:29 ***
DeprecationWarning: 'source deactivate' is deprecated. Use 'conda deactivate'.
/home/maror24/ImageAnon/dicom_anon_meta.py:49: DtypeWarning: Columns (0,1) have mixed types. Specify dtype option on import or set low_memory=False.
  mastertable = pd.read_csv(path_to_mastertable, usecols=  columns_to_read)
DeprecationWarning: 'source deactivate' is deprecated. Use 'conda deactivate'.
slurmstepd: error: *** JOB 515796 ON hugenode7 CANCELLED AT 2024-09-06T09:39:28 ***
DeprecationWarning: 'source deactivate' is deprecated. Use 'conda deactivate'.
/home/maror24/ImageAnon/dicom_anon_meta.py:49: DtypeWarning: Columns (0,1) have mixed types. Specify dtype option on import or set low_memory=False.
  mastertable = pd.read_csv(path_to_mastertable, usecols=  columns_to_read)
